22:26:44.870 [main] INFO  all.actions.Actions - Starting to perform Contact Us actions
22:26:44.876 [main] INFO  all.actions.Actions - Verifying that Home page is visible
22:26:44.894 [main] INFO  all.pages.BasePage - Going to click WebElement: By.cssSelector: a[href='/contact_us']
22:26:47.896 [main] INFO  all.actions.Actions - Verifying that the text : Get in touch, text is visible
22:26:47.927 [main] INFO  all.actions.Actions - Typing name
22:26:47.927 [main] INFO  all.pages.BasePage - Going to send keys to WebElement: By.cssSelector: [data-qa='name'] Saar
22:26:48.119 [main] INFO  all.actions.Actions - Typing email
22:26:48.119 [main] INFO  all.pages.BasePage - Going to send keys to WebElement: By.cssSelector: [data-qa='email'] saar@gmail.com
22:26:48.433 [main] INFO  all.actions.Actions - Typing subject
22:26:48.433 [main] INFO  all.pages.BasePage - Going to send keys to WebElement: By.cssSelector: [data-qa='subject'] Help
22:26:48.614 [main] INFO  all.actions.Actions - Typing message
22:26:48.615 [main] INFO  all.pages.BasePage - Going to send keys to WebElement: By.cssSelector: [data-qa='message'] Add to cart is not working
22:26:49.003 [main] INFO  all.actions.Actions - Uploading file
22:26:49.005 [main] INFO  all.pages.BasePage - Going to upload a file to WebElement: By.name: upload_file C:\Users\סער\Personal\IntelliJ_Workspace\FinalProject\src\main\resources\example.txt
22:26:49.140 [main] INFO  all.actions.Actions - clicking submit
22:26:49.140 [main] INFO  all.pages.BasePage - Going to click submit in WebElement: By.cssSelector: [data-qa='submit-button']
22:26:54.321 [main] INFO  all.pages.BasePage - Going to click on OK button in Alert dialog
22:26:59.352 [main] INFO  all.actions.Actions - Verifying that the text : Success! Your details have been submitted successfully. is visible
22:26:59.377 [main] INFO  all.actions.Actions - clicking on Home page
22:26:59.377 [main] INFO  all.pages.BasePage - Going to click WebElement: By.xpath: //a[text()=' Home']
22:27:06.792 [main] INFO  all.actions.Actions - Verifying that Home page is visible
22:30:15.413 [main] INFO  all.actions.Actions - Starting to perform Contact Us actions
22:30:15.427 [main] INFO  all.actions.Actions - Verifying that Home page is visible
22:30:15.444 [main] INFO  all.pages.BasePage - Going to click WebElement: By.cssSelector: a[href='/contact_us']
22:30:18.723 [main] INFO  all.actions.Actions - Verifying that the text : Get in touch, text is visible
22:30:18.763 [main] INFO  all.actions.Actions - Typing name
22:30:18.763 [main] INFO  all.pages.BasePage - Going to send keys to WebElement: By.cssSelector: [data-qa='name'] Saar
22:30:19.000 [main] INFO  all.actions.Actions - Typing email
22:30:19.000 [main] INFO  all.pages.BasePage - Going to send keys to WebElement: By.cssSelector: [data-qa='email'] saar@gmail.com
22:30:19.184 [main] INFO  all.actions.Actions - Typing subject
22:30:19.185 [main] INFO  all.pages.BasePage - Going to send keys to WebElement: By.cssSelector: [data-qa='subject'] Help
22:30:19.367 [main] INFO  all.actions.Actions - Typing message
22:30:19.368 [main] INFO  all.pages.BasePage - Going to send keys to WebElement: By.cssSelector: [data-qa='message'] Add to cart is not working
22:30:19.547 [main] INFO  all.actions.Actions - Uploading file
22:30:19.548 [main] INFO  all.pages.BasePage - Going to upload a file to WebElement: By.name: upload_file C:\Users\סער\Personal\IntelliJ_Workspace\FinalProject\src\main\resources\example.txt
22:30:19.640 [main] INFO  all.actions.Actions - clicking submit
22:30:19.641 [main] INFO  all.pages.BasePage - Going to click submit in WebElement: By.cssSelector: [data-qa='submit-button']
22:30:24.735 [main] INFO  all.pages.BasePage - Going to click on OK button in Alert dialog
22:30:29.825 [main] INFO  all.actions.Actions - Verifying that the text : Success! Your details have been submitted successfully. is visible
22:30:29.849 [main] INFO  all.actions.Actions - clicking on Home page
22:30:29.850 [main] INFO  all.pages.BasePage - Going to click WebElement: By.xpath: //a[text()=' Home']
22:30:37.253 [main] INFO  all.actions.Actions - Verifying that Home page is visible
22:34:51.317 [main] INFO  all.actions.Actions - Starting to perform Contact Us actions
22:34:51.322 [main] INFO  all.actions.Actions - Verifying that Home page is visible
22:34:51.343 [main] INFO  all.pages.BasePage - Going to click WebElement: By.cssSelector: a[href='/contact_us']
22:34:53.444 [main] INFO  all.actions.Actions - Verifying that the text : Get in touch, text is visible
22:34:53.477 [main] INFO  all.actions.Actions - Typing name
22:34:53.477 [main] INFO  all.pages.BasePage - Going to send keys to WebElement: By.cssSelector: [data-qa='name'] Saar
22:34:53.667 [main] INFO  all.actions.Actions - Typing email
22:34:53.667 [main] INFO  all.pages.BasePage - Going to send keys to WebElement: By.cssSelector: [data-qa='email'] saar@gmail.com
22:34:53.875 [main] INFO  all.actions.Actions - Typing subject
22:34:53.876 [main] INFO  all.pages.BasePage - Going to send keys to WebElement: By.cssSelector: [data-qa='subject'] Help
22:34:54.043 [main] INFO  all.actions.Actions - Typing message
22:34:54.043 [main] INFO  all.pages.BasePage - Going to send keys to WebElement: By.cssSelector: [data-qa='message'] Add to cart is not working
22:34:54.301 [main] INFO  all.actions.Actions - Uploading file
22:34:54.302 [main] INFO  all.pages.BasePage - Going to upload a file to WebElement: By.name: upload_file C:\Users\סער\Personal\IntelliJ_Workspace\FinalProject\src\main\resources\example.txt
22:34:54.380 [main] INFO  all.actions.Actions - clicking submit
22:34:54.380 [main] INFO  all.pages.BasePage - Going to click submit in WebElement: By.cssSelector: [data-qa='submit-button']
22:34:59.453 [main] INFO  all.pages.BasePage - Going to click on OK button in Alert dialog
22:35:04.491 [main] INFO  all.actions.Actions - Verifying that the text : Success! Your details have been submitted successfully. is visible
22:35:04.517 [main] INFO  all.actions.Actions - clicking on Home page
22:35:04.517 [main] INFO  all.pages.BasePage - Going to click WebElement: By.xpath: //a[text()=' Home']
22:35:13.306 [main] INFO  all.actions.Actions - Verifying that Home page is visible
